<?xml version="1.0" encoding="UTF-8"?>
<testsuite name="com.myprecious.moneyglove.MailexamApplicationTests" tests="1" skipped="0" failures="0" errors="0" timestamp="2023-12-29T03:56:34" hostname="rlacofls-ui-MacBookAir.local" time="0.356">
  <properties/>
  <testcase name="contextLoads()" classname="com.myprecious.moneyglove.MailexamApplicationTests" time="0.356"/>
  <system-out><![CDATA[12:56:31.058 [Test worker] INFO org.springframework.test.context.support.AnnotationConfigContextLoaderUtils -- Could not detect default configuration classes for test class [com.myprecious.moneyglove.MailexamApplicationTests]: MailexamApplicationTests does not declare any static, non-private, non-final, nested classes annotated with @Configuration.
12:56:31.118 [Test worker] INFO org.springframework.boot.test.context.SpringBootTestContextBootstrapper -- Found @SpringBootConfiguration com.myprecious.moneyglove.MoneyGloveApplication for test class com.myprecious.moneyglove.MailexamApplicationTests

  .   ____          _            __ _ _
 /\\ / ___'_ __ _ _(_)_ __  __ _ \ \ \ \
( ( )\___ | '_ | '_| | '_ \/ _` | \ \ \ \
 \\/  ___)| |_)| | | | | || (_| |  ) ) ) )
  '  |____| .__|_| |_|_| |_\__, | / / / /
 =========|_|==============|___/=/_/_/_/
 :: Spring Boot ::                (v3.2.1)

2023-12-29T12:56:31.315+09:00  INFO 24070 --- [    Test worker] c.m.moneyglove.MailexamApplicationTests  : Starting MailexamApplicationTests using Java 17.0.9 with PID 24070 (started by rlacofls in /Users/rlacofls/Desktop/pard_long/My_Precious_SERVER)
2023-12-29T12:56:31.316+09:00  INFO 24070 --- [    Test worker] c.m.moneyglove.MailexamApplicationTests  : No active profile set, falling back to 1 default profile: "default"
2023-12-29T12:56:31.716+09:00  INFO 24070 --- [    Test worker] .s.d.r.c.RepositoryConfigurationDelegate : Bootstrapping Spring Data JPA repositories in DEFAULT mode.
2023-12-29T12:56:31.745+09:00  INFO 24070 --- [    Test worker] .s.d.r.c.RepositoryConfigurationDelegate : Finished Spring Data repository scanning in 25 ms. Found 2 JPA repository interfaces.
2023-12-29T12:56:32.001+09:00  INFO 24070 --- [    Test worker] o.hibernate.jpa.internal.util.LogHelper  : HHH000204: Processing PersistenceUnitInfo [name: default]
2023-12-29T12:56:32.026+09:00  INFO 24070 --- [    Test worker] org.hibernate.Version                    : HHH000412: Hibernate ORM core version 6.4.1.Final
2023-12-29T12:56:32.042+09:00  INFO 24070 --- [    Test worker] o.h.c.internal.RegionFactoryInitiator    : HHH000026: Second-level cache disabled
2023-12-29T12:56:32.168+09:00  INFO 24070 --- [    Test worker] o.s.o.j.p.SpringPersistenceUnitInfo      : No LoadTimeWeaver setup: ignoring JPA class transformer
2023-12-29T12:56:32.182+09:00  INFO 24070 --- [    Test worker] com.zaxxer.hikari.HikariDataSource       : HikariPool-1 - Starting...
2023-12-29T12:56:32.620+09:00  INFO 24070 --- [    Test worker] com.zaxxer.hikari.pool.HikariPool        : HikariPool-1 - Added connection com.mysql.cj.jdbc.ConnectionImpl@727dcc64
2023-12-29T12:56:32.621+09:00  INFO 24070 --- [    Test worker] com.zaxxer.hikari.HikariDataSource       : HikariPool-1 - Start completed.
2023-12-29T12:56:32.658+09:00  WARN 24070 --- [    Test worker] org.hibernate.orm.deprecation            : HHH90000025: MySQL8Dialect does not need to be specified explicitly using 'hibernate.dialect' (remove the property setting and it will be selected by default)
2023-12-29T12:56:32.658+09:00  WARN 24070 --- [    Test worker] org.hibernate.orm.deprecation            : HHH90000026: MySQL8Dialect has been deprecated; use org.hibernate.dialect.MySQLDialect instead
2023-12-29T12:56:33.175+09:00  INFO 24070 --- [    Test worker] o.h.e.t.j.p.i.JtaPlatformInitiator       : HHH000489: No JTA platform available (set 'hibernate.transaction.jta.platform' to enable JTA platform integration)
2023-12-29T12:56:33.293+09:00  INFO 24070 --- [    Test worker] j.LocalContainerEntityManagerFactoryBean : Initialized JPA EntityManagerFactory for persistence unit 'default'
2023-12-29T12:56:33.645+09:00  WARN 24070 --- [    Test worker] JpaBaseConfiguration$JpaWebConfiguration : spring.jpa.open-in-view is enabled by default. Therefore, database queries may be performed during view rendering. Explicitly configure spring.jpa.open-in-view to disable this warning
2023-12-29T12:56:34.415+09:00  INFO 24070 --- [    Test worker] c.m.moneyglove.MailexamApplicationTests  : Started MailexamApplicationTests in 3.216 seconds (process running for 3.872)
]]></system-out>
  <system-err><![CDATA[]]></system-err>
</testsuite>
